<?xml version="1.0" encoding="UTF-8"?>
<!-- Generated by org.testng.reporters.JUnitReportReporter -->
<testsuite hostname="LAPTOP-DM71KGIM" failures="0" tests="2" name="com.qa.tests.AppTests" time="18.516" errors="0" timestamp="2021-05-27T17:54:05 AWST" skipped="0">
  <testcase classname="com.qa.tests.AppTests" name="GeneralTest" time="15.755"/>
  <system-out/>
  <testcase classname="com.qa.tests.AppTests" name="JustaTest" time="2.761"/>
  <system-out/>
</testsuite> <!-- com.qa.tests.AppTests -->
