<?xml version="1.0" encoding="UTF-8"?>
<!-- Generated by org.testng.reporters.JUnitReportReporter -->
<testsuite skipped="0" hostname="LAPTOP-DM71KGIM" name="com.qa.tests.AppTests" tests="2" failures="0" timestamp="2021-05-25T14:59:56 AWST" time="20.280" errors="0">
  <testcase name="JustaTest" time="3.051" classname="com.qa.tests.AppTests"/>
  <system-out/>
  <testcase name="GeneralTest" time="17.229" classname="com.qa.tests.AppTests"/>
  <system-out/>
</testsuite> <!-- com.qa.tests.AppTests -->
